<?xml version="1.0" encoding="UTF-8"?>
<testsuite name="agh.ii.prinjava.proj1.impl.DLinkListTest" tests="4" skipped="0" failures="0" errors="0" timestamp="2023-03-20T18:59:25" hostname="BOREL18" time="0.032">
  <properties/>
  <testcase name="testAddLast()" classname="agh.ii.prinjava.proj1.impl.DLinkListTest" time="0.024"/>
  <testcase name="testRemoveFirst()" classname="agh.ii.prinjava.proj1.impl.DLinkListTest" time="0.001"/>
  <testcase name="testAddFirst()" classname="agh.ii.prinjava.proj1.impl.DLinkListTest" time="0.002"/>
  <testcase name="testRemoveLast()" classname="agh.ii.prinjava.proj1.impl.DLinkListTest" time="0.002"/>
  <system-out><![CDATA[]]></system-out>
  <system-err><![CDATA[]]></system-err>
</testsuite>
